Performing C SOURCE FILE Test CHECK_CPU_ARCHITECTURE_X86 failed with the following output:
Change Dir: /home/laprieur/Documents/42/nibbler/build/CMakeFiles/CMakeTmp

Run Build Command(s):/usr/bin/gmake -f Makefile cmTC_a6f3f/fast && /usr/bin/gmake  -f CMakeFiles/cmTC_a6f3f.dir/build.make CMakeFiles/cmTC_a6f3f.dir/build
gmake[1]: Entering directory '/home/laprieur/Documents/42/nibbler/build/CMakeFiles/CMakeTmp'
Building C object CMakeFiles/cmTC_a6f3f.dir/src.c.o
/usr/bin/cc -DCHECK_CPU_ARCHITECTURE_X86   -o CMakeFiles/cmTC_a6f3f.dir/src.c.o -c /home/laprieur/Documents/42/nibbler/build/CMakeFiles/CMakeTmp/src.c
/home/laprieur/Documents/42/nibbler/build/CMakeFiles/CMakeTmp/src.c: In function ‘main’:
/home/laprieur/Documents/42/nibbler/build/CMakeFiles/CMakeTmp/src.c:6:3: error: ‘choke’ undeclared (first use in this function)
    6 |   choke
      |   ^~~~~
/home/laprieur/Documents/42/nibbler/build/CMakeFiles/CMakeTmp/src.c:6:3: note: each undeclared identifier is reported only once for each function it appears in
/home/laprieur/Documents/42/nibbler/build/CMakeFiles/CMakeTmp/src.c:6:8: error: expected ‘;’ before ‘}’ token
    6 |   choke
      |        ^
      |        ;
    7 | #endif
    8 | }
      | ~       
gmake[1]: *** [CMakeFiles/cmTC_a6f3f.dir/build.make:78: CMakeFiles/cmTC_a6f3f.dir/src.c.o] Error 1
gmake[1]: Leaving directory '/home/laprieur/Documents/42/nibbler/build/CMakeFiles/CMakeTmp'
gmake: *** [Makefile:127: cmTC_a6f3f/fast] Error 2


Source file was:

int main(int argc, char *argv[]) {
#if defined(__i386__) || defined(__i486__) || defined(__i586__) || defined(__i686__) ||defined( __i386) || defined(_M_IX86)
  return 0;
#else
  choke
#endif
}

Performing C SOURCE FILE Test CHECK_CPU_ARCHITECTURE_ARM32 failed with the following output:
Change Dir: /home/laprieur/Documents/42/nibbler/build/CMakeFiles/CMakeTmp

Run Build Command(s):/usr/bin/gmake -f Makefile cmTC_59183/fast && /usr/bin/gmake  -f CMakeFiles/cmTC_59183.dir/build.make CMakeFiles/cmTC_59183.dir/build
gmake[1]: Entering directory '/home/laprieur/Documents/42/nibbler/build/CMakeFiles/CMakeTmp'
Building C object CMakeFiles/cmTC_59183.dir/src.c.o
/usr/bin/cc -DCHECK_CPU_ARCHITECTURE_ARM32   -o CMakeFiles/cmTC_59183.dir/src.c.o -c /home/laprieur/Documents/42/nibbler/build/CMakeFiles/CMakeTmp/src.c
/home/laprieur/Documents/42/nibbler/build/CMakeFiles/CMakeTmp/src.c: In function ‘main’:
/home/laprieur/Documents/42/nibbler/build/CMakeFiles/CMakeTmp/src.c:6:3: error: ‘choke’ undeclared (first use in this function)
    6 |   choke
      |   ^~~~~
/home/laprieur/Documents/42/nibbler/build/CMakeFiles/CMakeTmp/src.c:6:3: note: each undeclared identifier is reported only once for each function it appears in
/home/laprieur/Documents/42/nibbler/build/CMakeFiles/CMakeTmp/src.c:6:8: error: expected ‘;’ before ‘}’ token
    6 |   choke
      |        ^
      |        ;
    7 | #endif
    8 | }
      | ~       
gmake[1]: *** [CMakeFiles/cmTC_59183.dir/build.make:78: CMakeFiles/cmTC_59183.dir/src.c.o] Error 1
gmake[1]: Leaving directory '/home/laprieur/Documents/42/nibbler/build/CMakeFiles/CMakeTmp'
gmake: *** [Makefile:127: cmTC_59183/fast] Error 2


Source file was:

int main(int argc, char *argv[]) {
#if defined(__arm__) || defined(_M_ARM)
  return 0;
#else
  choke
#endif
}

Performing C SOURCE FILE Test CHECK_CPU_ARCHITECTURE_ARM64 failed with the following output:
Change Dir: /home/laprieur/Documents/42/nibbler/build/CMakeFiles/CMakeTmp

Run Build Command(s):/usr/bin/gmake -f Makefile cmTC_8e1c8/fast && /usr/bin/gmake  -f CMakeFiles/cmTC_8e1c8.dir/build.make CMakeFiles/cmTC_8e1c8.dir/build
gmake[1]: Entering directory '/home/laprieur/Documents/42/nibbler/build/CMakeFiles/CMakeTmp'
Building C object CMakeFiles/cmTC_8e1c8.dir/src.c.o
/usr/bin/cc -DCHECK_CPU_ARCHITECTURE_ARM64   -o CMakeFiles/cmTC_8e1c8.dir/src.c.o -c /home/laprieur/Documents/42/nibbler/build/CMakeFiles/CMakeTmp/src.c
/home/laprieur/Documents/42/nibbler/build/CMakeFiles/CMakeTmp/src.c: In function ‘main’:
/home/laprieur/Documents/42/nibbler/build/CMakeFiles/CMakeTmp/src.c:6:3: error: ‘choke’ undeclared (first use in this function)
    6 |   choke
      |   ^~~~~
/home/laprieur/Documents/42/nibbler/build/CMakeFiles/CMakeTmp/src.c:6:3: note: each undeclared identifier is reported only once for each function it appears in
/home/laprieur/Documents/42/nibbler/build/CMakeFiles/CMakeTmp/src.c:6:8: error: expected ‘;’ before ‘}’ token
    6 |   choke
      |        ^
      |        ;
    7 | #endif
    8 | }
      | ~       
gmake[1]: *** [CMakeFiles/cmTC_8e1c8.dir/build.make:78: CMakeFiles/cmTC_8e1c8.dir/src.c.o] Error 1
gmake[1]: Leaving directory '/home/laprieur/Documents/42/nibbler/build/CMakeFiles/CMakeTmp'
gmake: *** [Makefile:127: cmTC_8e1c8/fast] Error 2


Source file was:

int main(int argc, char *argv[]) {
#if defined(__aarch64__) || defined(_M_ARM64)
  return 0;
#else
  choke
#endif
}

Performing C SOURCE FILE Test CHECK_CPU_ARCHITECTURE_LOONGARCH64 failed with the following output:
Change Dir: /home/laprieur/Documents/42/nibbler/build/CMakeFiles/CMakeTmp

Run Build Command(s):/usr/bin/gmake -f Makefile cmTC_2337e/fast && /usr/bin/gmake  -f CMakeFiles/cmTC_2337e.dir/build.make CMakeFiles/cmTC_2337e.dir/build
gmake[1]: Entering directory '/home/laprieur/Documents/42/nibbler/build/CMakeFiles/CMakeTmp'
Building C object CMakeFiles/cmTC_2337e.dir/src.c.o
/usr/bin/cc -DCHECK_CPU_ARCHITECTURE_LOONGARCH64   -o CMakeFiles/cmTC_2337e.dir/src.c.o -c /home/laprieur/Documents/42/nibbler/build/CMakeFiles/CMakeTmp/src.c
/home/laprieur/Documents/42/nibbler/build/CMakeFiles/CMakeTmp/src.c: In function ‘main’:
/home/laprieur/Documents/42/nibbler/build/CMakeFiles/CMakeTmp/src.c:6:3: error: ‘choke’ undeclared (first use in this function)
    6 |   choke
      |   ^~~~~
/home/laprieur/Documents/42/nibbler/build/CMakeFiles/CMakeTmp/src.c:6:3: note: each undeclared identifier is reported only once for each function it appears in
/home/laprieur/Documents/42/nibbler/build/CMakeFiles/CMakeTmp/src.c:6:8: error: expected ‘;’ before ‘}’ token
    6 |   choke
      |        ^
      |        ;
    7 | #endif
    8 | }
      | ~       
gmake[1]: *** [CMakeFiles/cmTC_2337e.dir/build.make:78: CMakeFiles/cmTC_2337e.dir/src.c.o] Error 1
gmake[1]: Leaving directory '/home/laprieur/Documents/42/nibbler/build/CMakeFiles/CMakeTmp'
gmake: *** [Makefile:127: cmTC_2337e/fast] Error 2


Source file was:

int main(int argc, char *argv[]) {
#if defined(__loongarch64)
  return 0;
#else
  choke
#endif
}

Performing C SOURCE FILE Test HAVE_GCC_WDOCUMENTATION failed with the following output:
Change Dir: /home/laprieur/Documents/42/nibbler/build/CMakeFiles/CMakeTmp

Run Build Command(s):/usr/bin/gmake -f Makefile cmTC_a7887/fast && /usr/bin/gmake  -f CMakeFiles/cmTC_a7887.dir/build.make CMakeFiles/cmTC_a7887.dir/build
gmake[1]: Entering directory '/home/laprieur/Documents/42/nibbler/build/CMakeFiles/CMakeTmp'
Building C object CMakeFiles/cmTC_a7887.dir/src.c.o
/usr/bin/cc -DHAVE_GCC_WDOCUMENTATION  -idirafter "/home/laprieur/Documents/42/nibbler/build/_deps/sdl2-src/src/video/khronos"  -D_GNU_SOURCE=1   -Wdocumentation -o CMakeFiles/cmTC_a7887.dir/src.c.o -c /home/laprieur/Documents/42/nibbler/build/CMakeFiles/CMakeTmp/src.c
cc: error: unrecognized command-line option '-Wdocumentation'
gmake[1]: *** [CMakeFiles/cmTC_a7887.dir/build.make:78: CMakeFiles/cmTC_a7887.dir/src.c.o] Error 1
gmake[1]: Leaving directory '/home/laprieur/Documents/42/nibbler/build/CMakeFiles/CMakeTmp'
gmake: *** [Makefile:127: cmTC_a7887/fast] Error 2


Source file was:
int main(void) { return 0; }
Performing C SOURCE FILE Test HAVE_GCC_WDOCUMENTATION_UNKNOWN_COMMAND failed with the following output:
Change Dir: /home/laprieur/Documents/42/nibbler/build/CMakeFiles/CMakeTmp

Run Build Command(s):/usr/bin/gmake -f Makefile cmTC_4fa62/fast && /usr/bin/gmake  -f CMakeFiles/cmTC_4fa62.dir/build.make CMakeFiles/cmTC_4fa62.dir/build
gmake[1]: Entering directory '/home/laprieur/Documents/42/nibbler/build/CMakeFiles/CMakeTmp'
Building C object CMakeFiles/cmTC_4fa62.dir/src.c.o
/usr/bin/cc -DHAVE_GCC_WDOCUMENTATION_UNKNOWN_COMMAND  -idirafter "/home/laprieur/Documents/42/nibbler/build/_deps/sdl2-src/src/video/khronos"  -D_GNU_SOURCE=1   -Wdocumentation-unknown-command -o CMakeFiles/cmTC_4fa62.dir/src.c.o -c /home/laprieur/Documents/42/nibbler/build/CMakeFiles/CMakeTmp/src.c
cc: error: unrecognized command-line option '-Wdocumentation-unknown-command'
gmake[1]: *** [CMakeFiles/cmTC_4fa62.dir/build.make:78: CMakeFiles/cmTC_4fa62.dir/src.c.o] Error 1
gmake[1]: Leaving directory '/home/laprieur/Documents/42/nibbler/build/CMakeFiles/CMakeTmp'
gmake: *** [Makefile:127: cmTC_4fa62/fast] Error 2


Source file was:
int main(void) { return 0; }
Performing C SOURCE FILE Test HAVE_GCC_COMMENT_BLOCK_COMMANDS failed with the following output:
Change Dir: /home/laprieur/Documents/42/nibbler/build/CMakeFiles/CMakeTmp

Run Build Command(s):/usr/bin/gmake -f Makefile cmTC_0b369/fast && /usr/bin/gmake  -f CMakeFiles/cmTC_0b369.dir/build.make CMakeFiles/cmTC_0b369.dir/build
gmake[1]: Entering directory '/home/laprieur/Documents/42/nibbler/build/CMakeFiles/CMakeTmp'
Building C object CMakeFiles/cmTC_0b369.dir/src.c.o
/usr/bin/cc -DHAVE_GCC_COMMENT_BLOCK_COMMANDS  -idirafter "/home/laprieur/Documents/42/nibbler/build/_deps/sdl2-src/src/video/khronos"  -D_GNU_SOURCE=1   -fcomment-block-commands=threadsafety -o CMakeFiles/cmTC_0b369.dir/src.c.o -c /home/laprieur/Documents/42/nibbler/build/CMakeFiles/CMakeTmp/src.c
cc: error: unrecognized command-line option '-fcomment-block-commands=threadsafety'
gmake[1]: *** [CMakeFiles/cmTC_0b369.dir/build.make:78: CMakeFiles/cmTC_0b369.dir/src.c.o] Error 1
gmake[1]: Leaving directory '/home/laprieur/Documents/42/nibbler/build/CMakeFiles/CMakeTmp'
gmake: *** [Makefile:127: cmTC_0b369/fast] Error 2


Source file was:
int main(void) { return 0; }
Performing C SOURCE FILE Test HAVE_CLANG_COMMENT_BLOCK_COMMANDS failed with the following output:
Change Dir: /home/laprieur/Documents/42/nibbler/build/CMakeFiles/CMakeTmp

Run Build Command(s):/usr/bin/gmake -f Makefile cmTC_e8baa/fast && /usr/bin/gmake  -f CMakeFiles/cmTC_e8baa.dir/build.make CMakeFiles/cmTC_e8baa.dir/build
gmake[1]: Entering directory '/home/laprieur/Documents/42/nibbler/build/CMakeFiles/CMakeTmp'
Building C object CMakeFiles/cmTC_e8baa.dir/src.c.o
/usr/bin/cc -DHAVE_CLANG_COMMENT_BLOCK_COMMANDS  -idirafter "/home/laprieur/Documents/42/nibbler/build/_deps/sdl2-src/src/video/khronos"  -D_GNU_SOURCE=1   /clang:-fcomment-block-commands=threadsafety -o CMakeFiles/cmTC_e8baa.dir/src.c.o -c /home/laprieur/Documents/42/nibbler/build/CMakeFiles/CMakeTmp/src.c
cc: warning: /clang:-fcomment-block-commands=threadsafety: linker input file unused because linking not done
cc: error: /clang:-fcomment-block-commands=threadsafety: linker input file not found: No such file or directory
gmake[1]: *** [CMakeFiles/cmTC_e8baa.dir/build.make:78: CMakeFiles/cmTC_e8baa.dir/src.c.o] Error 1
gmake[1]: *** Deleting file 'CMakeFiles/cmTC_e8baa.dir/src.c.o'
gmake[1]: Leaving directory '/home/laprieur/Documents/42/nibbler/build/CMakeFiles/CMakeTmp'
gmake: *** [Makefile:127: cmTC_e8baa/fast] Error 2


Source file was:
int main(void) { return 0; }
Performing C SOURCE FILE Test HAVE_ALTIVEC_H_HDR failed with the following output:
Change Dir: /home/laprieur/Documents/42/nibbler/build/CMakeFiles/CMakeTmp

Run Build Command(s):/usr/bin/gmake -f Makefile cmTC_0bc40/fast && /usr/bin/gmake  -f CMakeFiles/cmTC_0bc40.dir/build.make CMakeFiles/cmTC_0bc40.dir/build
gmake[1]: Entering directory '/home/laprieur/Documents/42/nibbler/build/CMakeFiles/CMakeTmp'
Building C object CMakeFiles/cmTC_0bc40.dir/src.c.o
/usr/bin/cc -DHAVE_ALTIVEC_H_HDR  -idirafter "/home/laprieur/Documents/42/nibbler/build/_deps/sdl2-src/src/video/khronos" -maltivec -o CMakeFiles/cmTC_0bc40.dir/src.c.o -c /home/laprieur/Documents/42/nibbler/build/CMakeFiles/CMakeTmp/src.c
cc: error: unrecognized command-line option ‘-maltivec’
gmake[1]: *** [CMakeFiles/cmTC_0bc40.dir/build.make:78: CMakeFiles/cmTC_0bc40.dir/src.c.o] Error 1
gmake[1]: Leaving directory '/home/laprieur/Documents/42/nibbler/build/CMakeFiles/CMakeTmp'
gmake: *** [Makefile:127: cmTC_0bc40/fast] Error 2


Source file was:

          #include <altivec.h>
          vector unsigned int vzero() {
              return vec_splat_u32(0);
          }
          int main(int argc, char **argv) { return 0; }
Performing C SOURCE FILE Test CPU_SUPPORTS_ALTIVEC failed with the following output:
Change Dir: /home/laprieur/Documents/42/nibbler/build/CMakeFiles/CMakeTmp

Run Build Command(s):/usr/bin/gmake -f Makefile cmTC_d3c7d/fast && /usr/bin/gmake  -f CMakeFiles/cmTC_d3c7d.dir/build.make CMakeFiles/cmTC_d3c7d.dir/build
gmake[1]: Entering directory '/home/laprieur/Documents/42/nibbler/build/CMakeFiles/CMakeTmp'
Building C object CMakeFiles/cmTC_d3c7d.dir/src.c.o
/usr/bin/cc -DCPU_SUPPORTS_ALTIVEC  -idirafter "/home/laprieur/Documents/42/nibbler/build/_deps/sdl2-src/src/video/khronos" -maltivec -o CMakeFiles/cmTC_d3c7d.dir/src.c.o -c /home/laprieur/Documents/42/nibbler/build/CMakeFiles/CMakeTmp/src.c
cc: error: unrecognized command-line option ‘-maltivec’
gmake[1]: *** [CMakeFiles/cmTC_d3c7d.dir/build.make:78: CMakeFiles/cmTC_d3c7d.dir/src.c.o] Error 1
gmake[1]: Leaving directory '/home/laprieur/Documents/42/nibbler/build/CMakeFiles/CMakeTmp'
gmake: *** [Makefile:127: cmTC_d3c7d/fast] Error 2


Source file was:

          vector unsigned int vzero() {
              return vec_splat_u32(0);
          }
          int main(int argc, char **argv) { return 0; }
Determining if the strlcpy exist failed with the following output:
Change Dir: /home/laprieur/Documents/42/nibbler/build/CMakeFiles/CMakeTmp

Run Build Command(s):/usr/bin/gmake -f Makefile cmTC_c3600/fast && /usr/bin/gmake  -f CMakeFiles/cmTC_c3600.dir/build.make CMakeFiles/cmTC_c3600.dir/build
gmake[1]: Entering directory '/home/laprieur/Documents/42/nibbler/build/CMakeFiles/CMakeTmp'
Building C object CMakeFiles/cmTC_c3600.dir/CheckSymbolExists.c.o
/usr/bin/cc   -idirafter "/home/laprieur/Documents/42/nibbler/build/_deps/sdl2-src/src/video/khronos"  -D_GNU_SOURCE=1 -o CMakeFiles/cmTC_c3600.dir/CheckSymbolExists.c.o -c /home/laprieur/Documents/42/nibbler/build/CMakeFiles/CMakeTmp/CheckSymbolExists.c
/home/laprieur/Documents/42/nibbler/build/CMakeFiles/CMakeTmp/CheckSymbolExists.c: In function ‘main’:
/home/laprieur/Documents/42/nibbler/build/CMakeFiles/CMakeTmp/CheckSymbolExists.c:14:19: error: ‘strlcpy’ undeclared (first use in this function); did you mean ‘strncpy’?
   14 |   return ((int*)(&strlcpy))[argc];
      |                   ^~~~~~~
      |                   strncpy
/home/laprieur/Documents/42/nibbler/build/CMakeFiles/CMakeTmp/CheckSymbolExists.c:14:19: note: each undeclared identifier is reported only once for each function it appears in
gmake[1]: *** [CMakeFiles/cmTC_c3600.dir/build.make:78: CMakeFiles/cmTC_c3600.dir/CheckSymbolExists.c.o] Error 1
gmake[1]: Leaving directory '/home/laprieur/Documents/42/nibbler/build/CMakeFiles/CMakeTmp'
gmake: *** [Makefile:127: cmTC_c3600/fast] Error 2


File /home/laprieur/Documents/42/nibbler/build/CMakeFiles/CMakeTmp/CheckSymbolExists.c:
/* */
#include <stddef.h>
#include <stdarg.h>
#include <stdlib.h>
#include <string.h>
#include <stdio.h>
#include <wchar.h>
#include <float.h>

int main(int argc, char** argv)
{
  (void)argv;
#ifndef strlcpy
  return ((int*)(&strlcpy))[argc];
#else
  (void)argc;
  return 0;
#endif
}
Determining if the strlcat exist failed with the following output:
Change Dir: /home/laprieur/Documents/42/nibbler/build/CMakeFiles/CMakeTmp

Run Build Command(s):/usr/bin/gmake -f Makefile cmTC_256a9/fast && /usr/bin/gmake  -f CMakeFiles/cmTC_256a9.dir/build.make CMakeFiles/cmTC_256a9.dir/build
gmake[1]: Entering directory '/home/laprieur/Documents/42/nibbler/build/CMakeFiles/CMakeTmp'
Building C object CMakeFiles/cmTC_256a9.dir/CheckSymbolExists.c.o
/usr/bin/cc   -idirafter "/home/laprieur/Documents/42/nibbler/build/_deps/sdl2-src/src/video/khronos"  -D_GNU_SOURCE=1 -o CMakeFiles/cmTC_256a9.dir/CheckSymbolExists.c.o -c /home/laprieur/Documents/42/nibbler/build/CMakeFiles/CMakeTmp/CheckSymbolExists.c
/home/laprieur/Documents/42/nibbler/build/CMakeFiles/CMakeTmp/CheckSymbolExists.c: In function ‘main’:
/home/laprieur/Documents/42/nibbler/build/CMakeFiles/CMakeTmp/CheckSymbolExists.c:14:19: error: ‘strlcat’ undeclared (first use in this function); did you mean ‘strncat’?
   14 |   return ((int*)(&strlcat))[argc];
      |                   ^~~~~~~
      |                   strncat
/home/laprieur/Documents/42/nibbler/build/CMakeFiles/CMakeTmp/CheckSymbolExists.c:14:19: note: each undeclared identifier is reported only once for each function it appears in
gmake[1]: *** [CMakeFiles/cmTC_256a9.dir/build.make:78: CMakeFiles/cmTC_256a9.dir/CheckSymbolExists.c.o] Error 1
gmake[1]: Leaving directory '/home/laprieur/Documents/42/nibbler/build/CMakeFiles/CMakeTmp'
gmake: *** [Makefile:127: cmTC_256a9/fast] Error 2


File /home/laprieur/Documents/42/nibbler/build/CMakeFiles/CMakeTmp/CheckSymbolExists.c:
/* */
#include <stddef.h>
#include <stdarg.h>
#include <stdlib.h>
#include <string.h>
#include <stdio.h>
#include <wchar.h>
#include <float.h>

int main(int argc, char** argv)
{
  (void)argv;
#ifndef strlcat
  return ((int*)(&strlcat))[argc];
#else
  (void)argc;
  return 0;
#endif
}
Determining if the _strrev exist failed with the following output:
Change Dir: /home/laprieur/Documents/42/nibbler/build/CMakeFiles/CMakeTmp

Run Build Command(s):/usr/bin/gmake -f Makefile cmTC_fe29d/fast && /usr/bin/gmake  -f CMakeFiles/cmTC_fe29d.dir/build.make CMakeFiles/cmTC_fe29d.dir/build
gmake[1]: Entering directory '/home/laprieur/Documents/42/nibbler/build/CMakeFiles/CMakeTmp'
Building C object CMakeFiles/cmTC_fe29d.dir/CheckSymbolExists.c.o
/usr/bin/cc   -idirafter "/home/laprieur/Documents/42/nibbler/build/_deps/sdl2-src/src/video/khronos"  -D_GNU_SOURCE=1 -o CMakeFiles/cmTC_fe29d.dir/CheckSymbolExists.c.o -c /home/laprieur/Documents/42/nibbler/build/CMakeFiles/CMakeTmp/CheckSymbolExists.c
/home/laprieur/Documents/42/nibbler/build/CMakeFiles/CMakeTmp/CheckSymbolExists.c: In function ‘main’:
/home/laprieur/Documents/42/nibbler/build/CMakeFiles/CMakeTmp/CheckSymbolExists.c:14:19: error: ‘_strrev’ undeclared (first use in this function)
   14 |   return ((int*)(&_strrev))[argc];
      |                   ^~~~~~~
/home/laprieur/Documents/42/nibbler/build/CMakeFiles/CMakeTmp/CheckSymbolExists.c:14:19: note: each undeclared identifier is reported only once for each function it appears in
gmake[1]: *** [CMakeFiles/cmTC_fe29d.dir/build.make:78: CMakeFiles/cmTC_fe29d.dir/CheckSymbolExists.c.o] Error 1
gmake[1]: Leaving directory '/home/laprieur/Documents/42/nibbler/build/CMakeFiles/CMakeTmp'
gmake: *** [Makefile:127: cmTC_fe29d/fast] Error 2


File /home/laprieur/Documents/42/nibbler/build/CMakeFiles/CMakeTmp/CheckSymbolExists.c:
/* */
#include <stddef.h>
#include <stdarg.h>
#include <stdlib.h>
#include <string.h>
#include <stdio.h>
#include <wchar.h>
#include <float.h>

int main(int argc, char** argv)
{
  (void)argv;
#ifndef _strrev
  return ((int*)(&_strrev))[argc];
#else
  (void)argc;
  return 0;
#endif
}
Determining if the _strupr exist failed with the following output:
Change Dir: /home/laprieur/Documents/42/nibbler/build/CMakeFiles/CMakeTmp

Run Build Command(s):/usr/bin/gmake -f Makefile cmTC_4e4f6/fast && /usr/bin/gmake  -f CMakeFiles/cmTC_4e4f6.dir/build.make CMakeFiles/cmTC_4e4f6.dir/build
gmake[1]: Entering directory '/home/laprieur/Documents/42/nibbler/build/CMakeFiles/CMakeTmp'
Building C object CMakeFiles/cmTC_4e4f6.dir/CheckSymbolExists.c.o
/usr/bin/cc   -idirafter "/home/laprieur/Documents/42/nibbler/build/_deps/sdl2-src/src/video/khronos"  -D_GNU_SOURCE=1 -o CMakeFiles/cmTC_4e4f6.dir/CheckSymbolExists.c.o -c /home/laprieur/Documents/42/nibbler/build/CMakeFiles/CMakeTmp/CheckSymbolExists.c
/home/laprieur/Documents/42/nibbler/build/CMakeFiles/CMakeTmp/CheckSymbolExists.c: In function ‘main’:
/home/laprieur/Documents/42/nibbler/build/CMakeFiles/CMakeTmp/CheckSymbolExists.c:14:19: error: ‘_strupr’ undeclared (first use in this function)
   14 |   return ((int*)(&_strupr))[argc];
      |                   ^~~~~~~
/home/laprieur/Documents/42/nibbler/build/CMakeFiles/CMakeTmp/CheckSymbolExists.c:14:19: note: each undeclared identifier is reported only once for each function it appears in
gmake[1]: *** [CMakeFiles/cmTC_4e4f6.dir/build.make:78: CMakeFiles/cmTC_4e4f6.dir/CheckSymbolExists.c.o] Error 1
gmake[1]: Leaving directory '/home/laprieur/Documents/42/nibbler/build/CMakeFiles/CMakeTmp'
gmake: *** [Makefile:127: cmTC_4e4f6/fast] Error 2


File /home/laprieur/Documents/42/nibbler/build/CMakeFiles/CMakeTmp/CheckSymbolExists.c:
/* */
#include <stddef.h>
#include <stdarg.h>
#include <stdlib.h>
#include <string.h>
#include <stdio.h>
#include <wchar.h>
#include <float.h>

int main(int argc, char** argv)
{
  (void)argv;
#ifndef _strupr
  return ((int*)(&_strupr))[argc];
#else
  (void)argc;
  return 0;
#endif
}
Determining if the _strlwr exist failed with the following output:
Change Dir: /home/laprieur/Documents/42/nibbler/build/CMakeFiles/CMakeTmp

Run Build Command(s):/usr/bin/gmake -f Makefile cmTC_e98f6/fast && /usr/bin/gmake  -f CMakeFiles/cmTC_e98f6.dir/build.make CMakeFiles/cmTC_e98f6.dir/build
gmake[1]: Entering directory '/home/laprieur/Documents/42/nibbler/build/CMakeFiles/CMakeTmp'
Building C object CMakeFiles/cmTC_e98f6.dir/CheckSymbolExists.c.o
/usr/bin/cc   -idirafter "/home/laprieur/Documents/42/nibbler/build/_deps/sdl2-src/src/video/khronos"  -D_GNU_SOURCE=1 -o CMakeFiles/cmTC_e98f6.dir/CheckSymbolExists.c.o -c /home/laprieur/Documents/42/nibbler/build/CMakeFiles/CMakeTmp/CheckSymbolExists.c
/home/laprieur/Documents/42/nibbler/build/CMakeFiles/CMakeTmp/CheckSymbolExists.c: In function ‘main’:
/home/laprieur/Documents/42/nibbler/build/CMakeFiles/CMakeTmp/CheckSymbolExists.c:14:19: error: ‘_strlwr’ undeclared (first use in this function)
   14 |   return ((int*)(&_strlwr))[argc];
      |                   ^~~~~~~
/home/laprieur/Documents/42/nibbler/build/CMakeFiles/CMakeTmp/CheckSymbolExists.c:14:19: note: each undeclared identifier is reported only once for each function it appears in
gmake[1]: *** [CMakeFiles/cmTC_e98f6.dir/build.make:78: CMakeFiles/cmTC_e98f6.dir/CheckSymbolExists.c.o] Error 1
gmake[1]: Leaving directory '/home/laprieur/Documents/42/nibbler/build/CMakeFiles/CMakeTmp'
gmake: *** [Makefile:127: cmTC_e98f6/fast] Error 2


File /home/laprieur/Documents/42/nibbler/build/CMakeFiles/CMakeTmp/CheckSymbolExists.c:
/* */
#include <stddef.h>
#include <stdarg.h>
#include <stdlib.h>
#include <string.h>
#include <stdio.h>
#include <wchar.h>
#include <float.h>

int main(int argc, char** argv)
{
  (void)argv;
#ifndef _strlwr
  return ((int*)(&_strlwr))[argc];
#else
  (void)argc;
  return 0;
#endif
}
Determining if the itoa exist failed with the following output:
Change Dir: /home/laprieur/Documents/42/nibbler/build/CMakeFiles/CMakeTmp

Run Build Command(s):/usr/bin/gmake -f Makefile cmTC_c7409/fast && /usr/bin/gmake  -f CMakeFiles/cmTC_c7409.dir/build.make CMakeFiles/cmTC_c7409.dir/build
gmake[1]: Entering directory '/home/laprieur/Documents/42/nibbler/build/CMakeFiles/CMakeTmp'
Building C object CMakeFiles/cmTC_c7409.dir/CheckSymbolExists.c.o
/usr/bin/cc   -idirafter "/home/laprieur/Documents/42/nibbler/build/_deps/sdl2-src/src/video/khronos"  -D_GNU_SOURCE=1 -o CMakeFiles/cmTC_c7409.dir/CheckSymbolExists.c.o -c /home/laprieur/Documents/42/nibbler/build/CMakeFiles/CMakeTmp/CheckSymbolExists.c
/home/laprieur/Documents/42/nibbler/build/CMakeFiles/CMakeTmp/CheckSymbolExists.c: In function ‘main’:
/home/laprieur/Documents/42/nibbler/build/CMakeFiles/CMakeTmp/CheckSymbolExists.c:14:19: error: ‘itoa’ undeclared (first use in this function)
   14 |   return ((int*)(&itoa))[argc];
      |                   ^~~~
/home/laprieur/Documents/42/nibbler/build/CMakeFiles/CMakeTmp/CheckSymbolExists.c:14:19: note: each undeclared identifier is reported only once for each function it appears in
gmake[1]: *** [CMakeFiles/cmTC_c7409.dir/build.make:78: CMakeFiles/cmTC_c7409.dir/CheckSymbolExists.c.o] Error 1
gmake[1]: Leaving directory '/home/laprieur/Documents/42/nibbler/build/CMakeFiles/CMakeTmp'
gmake: *** [Makefile:127: cmTC_c7409/fast] Error 2


File /home/laprieur/Documents/42/nibbler/build/CMakeFiles/CMakeTmp/CheckSymbolExists.c:
/* */
#include <stddef.h>
#include <stdarg.h>
#include <stdlib.h>
#include <string.h>
#include <stdio.h>
#include <wchar.h>
#include <float.h>

int main(int argc, char** argv)
{
  (void)argv;
#ifndef itoa
  return ((int*)(&itoa))[argc];
#else
  (void)argc;
  return 0;
#endif
}
Determining if the _ltoa exist failed with the following output:
Change Dir: /home/laprieur/Documents/42/nibbler/build/CMakeFiles/CMakeTmp

Run Build Command(s):/usr/bin/gmake -f Makefile cmTC_103d0/fast && /usr/bin/gmake  -f CMakeFiles/cmTC_103d0.dir/build.make CMakeFiles/cmTC_103d0.dir/build
gmake[1]: Entering directory '/home/laprieur/Documents/42/nibbler/build/CMakeFiles/CMakeTmp'
Building C object CMakeFiles/cmTC_103d0.dir/CheckSymbolExists.c.o
/usr/bin/cc   -idirafter "/home/laprieur/Documents/42/nibbler/build/_deps/sdl2-src/src/video/khronos"  -D_GNU_SOURCE=1 -o CMakeFiles/cmTC_103d0.dir/CheckSymbolExists.c.o -c /home/laprieur/Documents/42/nibbler/build/CMakeFiles/CMakeTmp/CheckSymbolExists.c
/home/laprieur/Documents/42/nibbler/build/CMakeFiles/CMakeTmp/CheckSymbolExists.c: In function ‘main’:
/home/laprieur/Documents/42/nibbler/build/CMakeFiles/CMakeTmp/CheckSymbolExists.c:14:19: error: ‘_ltoa’ undeclared (first use in this function)
   14 |   return ((int*)(&_ltoa))[argc];
      |                   ^~~~~
/home/laprieur/Documents/42/nibbler/build/CMakeFiles/CMakeTmp/CheckSymbolExists.c:14:19: note: each undeclared identifier is reported only once for each function it appears in
gmake[1]: *** [CMakeFiles/cmTC_103d0.dir/build.make:78: CMakeFiles/cmTC_103d0.dir/CheckSymbolExists.c.o] Error 1
gmake[1]: Leaving directory '/home/laprieur/Documents/42/nibbler/build/CMakeFiles/CMakeTmp'
gmake: *** [Makefile:127: cmTC_103d0/fast] Error 2


File /home/laprieur/Documents/42/nibbler/build/CMakeFiles/CMakeTmp/CheckSymbolExists.c:
/* */
#include <stddef.h>
#include <stdarg.h>
#include <stdlib.h>
#include <string.h>
#include <stdio.h>
#include <wchar.h>
#include <float.h>

int main(int argc, char** argv)
{
  (void)argv;
#ifndef _ltoa
  return ((int*)(&_ltoa))[argc];
#else
  (void)argc;
  return 0;
#endif
}
Determining if the _uitoa exist failed with the following output:
Change Dir: /home/laprieur/Documents/42/nibbler/build/CMakeFiles/CMakeTmp

Run Build Command(s):/usr/bin/gmake -f Makefile cmTC_6bd6e/fast && /usr/bin/gmake  -f CMakeFiles/cmTC_6bd6e.dir/build.make CMakeFiles/cmTC_6bd6e.dir/build
gmake[1]: Entering directory '/home/laprieur/Documents/42/nibbler/build/CMakeFiles/CMakeTmp'
Building C object CMakeFiles/cmTC_6bd6e.dir/CheckSymbolExists.c.o
/usr/bin/cc   -idirafter "/home/laprieur/Documents/42/nibbler/build/_deps/sdl2-src/src/video/khronos"  -D_GNU_SOURCE=1 -o CMakeFiles/cmTC_6bd6e.dir/CheckSymbolExists.c.o -c /home/laprieur/Documents/42/nibbler/build/CMakeFiles/CMakeTmp/CheckSymbolExists.c
/home/laprieur/Documents/42/nibbler/build/CMakeFiles/CMakeTmp/CheckSymbolExists.c: In function ‘main’:
/home/laprieur/Documents/42/nibbler/build/CMakeFiles/CMakeTmp/CheckSymbolExists.c:14:19: error: ‘_uitoa’ undeclared (first use in this function)
   14 |   return ((int*)(&_uitoa))[argc];
      |                   ^~~~~~
/home/laprieur/Documents/42/nibbler/build/CMakeFiles/CMakeTmp/CheckSymbolExists.c:14:19: note: each undeclared identifier is reported only once for each function it appears in
gmake[1]: *** [CMakeFiles/cmTC_6bd6e.dir/build.make:78: CMakeFiles/cmTC_6bd6e.dir/CheckSymbolExists.c.o] Error 1
gmake[1]: Leaving directory '/home/laprieur/Documents/42/nibbler/build/CMakeFiles/CMakeTmp'
gmake: *** [Makefile:127: cmTC_6bd6e/fast] Error 2


File /home/laprieur/Documents/42/nibbler/build/CMakeFiles/CMakeTmp/CheckSymbolExists.c:
/* */
#include <stddef.h>
#include <stdarg.h>
#include <stdlib.h>
#include <string.h>
#include <stdio.h>
#include <wchar.h>
#include <float.h>

int main(int argc, char** argv)
{
  (void)argv;
#ifndef _uitoa
  return ((int*)(&_uitoa))[argc];
#else
  (void)argc;
  return 0;
#endif
}
Determining if the _ultoa exist failed with the following output:
Change Dir: /home/laprieur/Documents/42/nibbler/build/CMakeFiles/CMakeTmp

Run Build Command(s):/usr/bin/gmake -f Makefile cmTC_6a8f8/fast && /usr/bin/gmake  -f CMakeFiles/cmTC_6a8f8.dir/build.make CMakeFiles/cmTC_6a8f8.dir/build
gmake[1]: Entering directory '/home/laprieur/Documents/42/nibbler/build/CMakeFiles/CMakeTmp'
Building C object CMakeFiles/cmTC_6a8f8.dir/CheckSymbolExists.c.o
/usr/bin/cc   -idirafter "/home/laprieur/Documents/42/nibbler/build/_deps/sdl2-src/src/video/khronos"  -D_GNU_SOURCE=1 -o CMakeFiles/cmTC_6a8f8.dir/CheckSymbolExists.c.o -c /home/laprieur/Documents/42/nibbler/build/CMakeFiles/CMakeTmp/CheckSymbolExists.c
/home/laprieur/Documents/42/nibbler/build/CMakeFiles/CMakeTmp/CheckSymbolExists.c: In function ‘main’:
/home/laprieur/Documents/42/nibbler/build/CMakeFiles/CMakeTmp/CheckSymbolExists.c:14:19: error: ‘_ultoa’ undeclared (first use in this function)
   14 |   return ((int*)(&_ultoa))[argc];
      |                   ^~~~~~
/home/laprieur/Documents/42/nibbler/build/CMakeFiles/CMakeTmp/CheckSymbolExists.c:14:19: note: each undeclared identifier is reported only once for each function it appears in
gmake[1]: *** [CMakeFiles/cmTC_6a8f8.dir/build.make:78: CMakeFiles/cmTC_6a8f8.dir/CheckSymbolExists.c.o] Error 1
gmake[1]: Leaving directory '/home/laprieur/Documents/42/nibbler/build/CMakeFiles/CMakeTmp'
gmake: *** [Makefile:127: cmTC_6a8f8/fast] Error 2


File /home/laprieur/Documents/42/nibbler/build/CMakeFiles/CMakeTmp/CheckSymbolExists.c:
/* */
#include <stddef.h>
#include <stdarg.h>
#include <stdlib.h>
#include <string.h>
#include <stdio.h>
#include <wchar.h>
#include <float.h>

int main(int argc, char** argv)
{
  (void)argv;
#ifndef _ultoa
  return ((int*)(&_ultoa))[argc];
#else
  (void)argc;
  return 0;
#endif
}
Determining if the _i64toa exist failed with the following output:
Change Dir: /home/laprieur/Documents/42/nibbler/build/CMakeFiles/CMakeTmp

Run Build Command(s):/usr/bin/gmake -f Makefile cmTC_0bf15/fast && /usr/bin/gmake  -f CMakeFiles/cmTC_0bf15.dir/build.make CMakeFiles/cmTC_0bf15.dir/build
gmake[1]: Entering directory '/home/laprieur/Documents/42/nibbler/build/CMakeFiles/CMakeTmp'
Building C object CMakeFiles/cmTC_0bf15.dir/CheckSymbolExists.c.o
/usr/bin/cc   -idirafter "/home/laprieur/Documents/42/nibbler/build/_deps/sdl2-src/src/video/khronos"  -D_GNU_SOURCE=1 -o CMakeFiles/cmTC_0bf15.dir/CheckSymbolExists.c.o -c /home/laprieur/Documents/42/nibbler/build/CMakeFiles/CMakeTmp/CheckSymbolExists.c
/home/laprieur/Documents/42/nibbler/build/CMakeFiles/CMakeTmp/CheckSymbolExists.c: In function ‘main’:
/home/laprieur/Documents/42/nibbler/build/CMakeFiles/CMakeTmp/CheckSymbolExists.c:14:19: error: ‘_i64toa’ undeclared (first use in this function)
   14 |   return ((int*)(&_i64toa))[argc];
      |                   ^~~~~~~
/home/laprieur/Documents/42/nibbler/build/CMakeFiles/CMakeTmp/CheckSymbolExists.c:14:19: note: each undeclared identifier is reported only once for each function it appears in
gmake[1]: *** [CMakeFiles/cmTC_0bf15.dir/build.make:78: CMakeFiles/cmTC_0bf15.dir/CheckSymbolExists.c.o] Error 1
gmake[1]: Leaving directory '/home/laprieur/Documents/42/nibbler/build/CMakeFiles/CMakeTmp'
gmake: *** [Makefile:127: cmTC_0bf15/fast] Error 2


File /home/laprieur/Documents/42/nibbler/build/CMakeFiles/CMakeTmp/CheckSymbolExists.c:
/* */
#include <stddef.h>
#include <stdarg.h>
#include <stdlib.h>
#include <string.h>
#include <stdio.h>
#include <wchar.h>
#include <float.h>

int main(int argc, char** argv)
{
  (void)argv;
#ifndef _i64toa
  return ((int*)(&_i64toa))[argc];
#else
  (void)argc;
  return 0;
#endif
}
Determining if the _ui64toa exist failed with the following output:
Change Dir: /home/laprieur/Documents/42/nibbler/build/CMakeFiles/CMakeTmp

Run Build Command(s):/usr/bin/gmake -f Makefile cmTC_c7f7c/fast && /usr/bin/gmake  -f CMakeFiles/cmTC_c7f7c.dir/build.make CMakeFiles/cmTC_c7f7c.dir/build
gmake[1]: Entering directory '/home/laprieur/Documents/42/nibbler/build/CMakeFiles/CMakeTmp'
Building C object CMakeFiles/cmTC_c7f7c.dir/CheckSymbolExists.c.o
/usr/bin/cc   -idirafter "/home/laprieur/Documents/42/nibbler/build/_deps/sdl2-src/src/video/khronos"  -D_GNU_SOURCE=1 -o CMakeFiles/cmTC_c7f7c.dir/CheckSymbolExists.c.o -c /home/laprieur/Documents/42/nibbler/build/CMakeFiles/CMakeTmp/CheckSymbolExists.c
/home/laprieur/Documents/42/nibbler/build/CMakeFiles/CMakeTmp/CheckSymbolExists.c: In function ‘main’:
/home/laprieur/Documents/42/nibbler/build/CMakeFiles/CMakeTmp/CheckSymbolExists.c:14:19: error: ‘_ui64toa’ undeclared (first use in this function)
   14 |   return ((int*)(&_ui64toa))[argc];
      |                   ^~~~~~~~
/home/laprieur/Documents/42/nibbler/build/CMakeFiles/CMakeTmp/CheckSymbolExists.c:14:19: note: each undeclared identifier is reported only once for each function it appears in
gmake[1]: *** [CMakeFiles/cmTC_c7f7c.dir/build.make:78: CMakeFiles/cmTC_c7f7c.dir/CheckSymbolExists.c.o] Error 1
gmake[1]: Leaving directory '/home/laprieur/Documents/42/nibbler/build/CMakeFiles/CMakeTmp'
gmake: *** [Makefile:127: cmTC_c7f7c/fast] Error 2


File /home/laprieur/Documents/42/nibbler/build/CMakeFiles/CMakeTmp/CheckSymbolExists.c:
/* */
#include <stddef.h>
#include <stdarg.h>
#include <stdlib.h>
#include <string.h>
#include <stdio.h>
#include <wchar.h>
#include <float.h>

int main(int argc, char** argv)
{
  (void)argv;
#ifndef _ui64toa
  return ((int*)(&_ui64toa))[argc];
#else
  (void)argc;
  return 0;
#endif
}
Determining if the _stricmp exist failed with the following output:
Change Dir: /home/laprieur/Documents/42/nibbler/build/CMakeFiles/CMakeTmp

Run Build Command(s):/usr/bin/gmake -f Makefile cmTC_77660/fast && /usr/bin/gmake  -f CMakeFiles/cmTC_77660.dir/build.make CMakeFiles/cmTC_77660.dir/build
gmake[1]: Entering directory '/home/laprieur/Documents/42/nibbler/build/CMakeFiles/CMakeTmp'
Building C object CMakeFiles/cmTC_77660.dir/CheckSymbolExists.c.o
/usr/bin/cc   -idirafter "/home/laprieur/Documents/42/nibbler/build/_deps/sdl2-src/src/video/khronos"  -D_GNU_SOURCE=1 -o CMakeFiles/cmTC_77660.dir/CheckSymbolExists.c.o -c /home/laprieur/Documents/42/nibbler/build/CMakeFiles/CMakeTmp/CheckSymbolExists.c
/home/laprieur/Documents/42/nibbler/build/CMakeFiles/CMakeTmp/CheckSymbolExists.c: In function ‘main’:
/home/laprieur/Documents/42/nibbler/build/CMakeFiles/CMakeTmp/CheckSymbolExists.c:14:19: error: ‘_stricmp’ undeclared (first use in this function); did you mean ‘strncmp’?
   14 |   return ((int*)(&_stricmp))[argc];
      |                   ^~~~~~~~
      |                   strncmp
/home/laprieur/Documents/42/nibbler/build/CMakeFiles/CMakeTmp/CheckSymbolExists.c:14:19: note: each undeclared identifier is reported only once for each function it appears in
gmake[1]: *** [CMakeFiles/cmTC_77660.dir/build.make:78: CMakeFiles/cmTC_77660.dir/CheckSymbolExists.c.o] Error 1
gmake[1]: Leaving directory '/home/laprieur/Documents/42/nibbler/build/CMakeFiles/CMakeTmp'
gmake: *** [Makefile:127: cmTC_77660/fast] Error 2


File /home/laprieur/Documents/42/nibbler/build/CMakeFiles/CMakeTmp/CheckSymbolExists.c:
/* */
#include <stddef.h>
#include <stdarg.h>
#include <stdlib.h>
#include <string.h>
#include <stdio.h>
#include <wchar.h>
#include <float.h>

int main(int argc, char** argv)
{
  (void)argv;
#ifndef _stricmp
  return ((int*)(&_stricmp))[argc];
#else
  (void)argc;
  return 0;
#endif
}
Determining if the _strnicmp exist failed with the following output:
Change Dir: /home/laprieur/Documents/42/nibbler/build/CMakeFiles/CMakeTmp

Run Build Command(s):/usr/bin/gmake -f Makefile cmTC_b7d7e/fast && /usr/bin/gmake  -f CMakeFiles/cmTC_b7d7e.dir/build.make CMakeFiles/cmTC_b7d7e.dir/build
gmake[1]: Entering directory '/home/laprieur/Documents/42/nibbler/build/CMakeFiles/CMakeTmp'
Building C object CMakeFiles/cmTC_b7d7e.dir/CheckSymbolExists.c.o
/usr/bin/cc   -idirafter "/home/laprieur/Documents/42/nibbler/build/_deps/sdl2-src/src/video/khronos"  -D_GNU_SOURCE=1 -o CMakeFiles/cmTC_b7d7e.dir/CheckSymbolExists.c.o -c /home/laprieur/Documents/42/nibbler/build/CMakeFiles/CMakeTmp/CheckSymbolExists.c
/home/laprieur/Documents/42/nibbler/build/CMakeFiles/CMakeTmp/CheckSymbolExists.c: In function ‘main’:
/home/laprieur/Documents/42/nibbler/build/CMakeFiles/CMakeTmp/CheckSymbolExists.c:14:19: error: ‘_strnicmp’ undeclared (first use in this function); did you mean ‘strncmp’?
   14 |   return ((int*)(&_strnicmp))[argc];
      |                   ^~~~~~~~~
      |                   strncmp
/home/laprieur/Documents/42/nibbler/build/CMakeFiles/CMakeTmp/CheckSymbolExists.c:14:19: note: each undeclared identifier is reported only once for each function it appears in
gmake[1]: *** [CMakeFiles/cmTC_b7d7e.dir/build.make:78: CMakeFiles/cmTC_b7d7e.dir/CheckSymbolExists.c.o] Error 1
gmake[1]: Leaving directory '/home/laprieur/Documents/42/nibbler/build/CMakeFiles/CMakeTmp'
gmake: *** [Makefile:127: cmTC_b7d7e/fast] Error 2


File /home/laprieur/Documents/42/nibbler/build/CMakeFiles/CMakeTmp/CheckSymbolExists.c:
/* */
#include <stddef.h>
#include <stdarg.h>
#include <stdlib.h>
#include <string.h>
#include <stdio.h>
#include <wchar.h>
#include <float.h>

int main(int argc, char** argv)
{
  (void)argv;
#ifndef _strnicmp
  return ((int*)(&_strnicmp))[argc];
#else
  (void)argc;
  return 0;
#endif
}
Determining if the _wcsdup exist failed with the following output:
Change Dir: /home/laprieur/Documents/42/nibbler/build/CMakeFiles/CMakeTmp

Run Build Command(s):/usr/bin/gmake -f Makefile cmTC_8b187/fast && /usr/bin/gmake  -f CMakeFiles/cmTC_8b187.dir/build.make CMakeFiles/cmTC_8b187.dir/build
gmake[1]: Entering directory '/home/laprieur/Documents/42/nibbler/build/CMakeFiles/CMakeTmp'
Building C object CMakeFiles/cmTC_8b187.dir/CheckSymbolExists.c.o
/usr/bin/cc   -idirafter "/home/laprieur/Documents/42/nibbler/build/_deps/sdl2-src/src/video/khronos"  -D_GNU_SOURCE=1 -o CMakeFiles/cmTC_8b187.dir/CheckSymbolExists.c.o -c /home/laprieur/Documents/42/nibbler/build/CMakeFiles/CMakeTmp/CheckSymbolExists.c
/home/laprieur/Documents/42/nibbler/build/CMakeFiles/CMakeTmp/CheckSymbolExists.c: In function ‘main’:
/home/laprieur/Documents/42/nibbler/build/CMakeFiles/CMakeTmp/CheckSymbolExists.c:14:19: error: ‘_wcsdup’ undeclared (first use in this function); did you mean ‘wcsdup’?
   14 |   return ((int*)(&_wcsdup))[argc];
      |                   ^~~~~~~
      |                   wcsdup
/home/laprieur/Documents/42/nibbler/build/CMakeFiles/CMakeTmp/CheckSymbolExists.c:14:19: note: each undeclared identifier is reported only once for each function it appears in
gmake[1]: *** [CMakeFiles/cmTC_8b187.dir/build.make:78: CMakeFiles/cmTC_8b187.dir/CheckSymbolExists.c.o] Error 1
gmake[1]: Leaving directory '/home/laprieur/Documents/42/nibbler/build/CMakeFiles/CMakeTmp'
gmake: *** [Makefile:127: cmTC_8b187/fast] Error 2


File /home/laprieur/Documents/42/nibbler/build/CMakeFiles/CMakeTmp/CheckSymbolExists.c:
/* */
#include <stddef.h>
#include <stdarg.h>
#include <stdlib.h>
#include <string.h>
#include <stdio.h>
#include <wchar.h>
#include <float.h>

int main(int argc, char** argv)
{
  (void)argv;
#ifndef _wcsdup
  return ((int*)(&_wcsdup))[argc];
#else
  (void)argc;
  return 0;
#endif
}
Determining if the wcslcat exist failed with the following output:
Change Dir: /home/laprieur/Documents/42/nibbler/build/CMakeFiles/CMakeTmp

Run Build Command(s):/usr/bin/gmake -f Makefile cmTC_c0cc8/fast && /usr/bin/gmake  -f CMakeFiles/cmTC_c0cc8.dir/build.make CMakeFiles/cmTC_c0cc8.dir/build
gmake[1]: Entering directory '/home/laprieur/Documents/42/nibbler/build/CMakeFiles/CMakeTmp'
Building C object CMakeFiles/cmTC_c0cc8.dir/CheckSymbolExists.c.o
/usr/bin/cc   -idirafter "/home/laprieur/Documents/42/nibbler/build/_deps/sdl2-src/src/video/khronos"  -D_GNU_SOURCE=1 -o CMakeFiles/cmTC_c0cc8.dir/CheckSymbolExists.c.o -c /home/laprieur/Documents/42/nibbler/build/CMakeFiles/CMakeTmp/CheckSymbolExists.c
/home/laprieur/Documents/42/nibbler/build/CMakeFiles/CMakeTmp/CheckSymbolExists.c: In function ‘main’:
/home/laprieur/Documents/42/nibbler/build/CMakeFiles/CMakeTmp/CheckSymbolExists.c:14:19: error: ‘wcslcat’ undeclared (first use in this function); did you mean ‘wcsncat’?
   14 |   return ((int*)(&wcslcat))[argc];
      |                   ^~~~~~~
      |                   wcsncat
/home/laprieur/Documents/42/nibbler/build/CMakeFiles/CMakeTmp/CheckSymbolExists.c:14:19: note: each undeclared identifier is reported only once for each function it appears in
gmake[1]: *** [CMakeFiles/cmTC_c0cc8.dir/build.make:78: CMakeFiles/cmTC_c0cc8.dir/CheckSymbolExists.c.o] Error 1
gmake[1]: Leaving directory '/home/laprieur/Documents/42/nibbler/build/CMakeFiles/CMakeTmp'
gmake: *** [Makefile:127: cmTC_c0cc8/fast] Error 2


File /home/laprieur/Documents/42/nibbler/build/CMakeFiles/CMakeTmp/CheckSymbolExists.c:
/* */
#include <stddef.h>
#include <stdarg.h>
#include <stdlib.h>
#include <string.h>
#include <stdio.h>
#include <wchar.h>
#include <float.h>

int main(int argc, char** argv)
{
  (void)argv;
#ifndef wcslcat
  return ((int*)(&wcslcat))[argc];
#else
  (void)argc;
  return 0;
#endif
}
Determining if the wcslcpy exist failed with the following output:
Change Dir: /home/laprieur/Documents/42/nibbler/build/CMakeFiles/CMakeTmp

Run Build Command(s):/usr/bin/gmake -f Makefile cmTC_dfe0f/fast && /usr/bin/gmake  -f CMakeFiles/cmTC_dfe0f.dir/build.make CMakeFiles/cmTC_dfe0f.dir/build
gmake[1]: Entering directory '/home/laprieur/Documents/42/nibbler/build/CMakeFiles/CMakeTmp'
Building C object CMakeFiles/cmTC_dfe0f.dir/CheckSymbolExists.c.o
/usr/bin/cc   -idirafter "/home/laprieur/Documents/42/nibbler/build/_deps/sdl2-src/src/video/khronos"  -D_GNU_SOURCE=1 -o CMakeFiles/cmTC_dfe0f.dir/CheckSymbolExists.c.o -c /home/laprieur/Documents/42/nibbler/build/CMakeFiles/CMakeTmp/CheckSymbolExists.c
/home/laprieur/Documents/42/nibbler/build/CMakeFiles/CMakeTmp/CheckSymbolExists.c: In function ‘main’:
/home/laprieur/Documents/42/nibbler/build/CMakeFiles/CMakeTmp/CheckSymbolExists.c:14:19: error: ‘wcslcpy’ undeclared (first use in this function); did you mean ‘wcsncpy’?
   14 |   return ((int*)(&wcslcpy))[argc];
      |                   ^~~~~~~
      |                   wcsncpy
/home/laprieur/Documents/42/nibbler/build/CMakeFiles/CMakeTmp/CheckSymbolExists.c:14:19: note: each undeclared identifier is reported only once for each function it appears in
gmake[1]: *** [CMakeFiles/cmTC_dfe0f.dir/build.make:78: CMakeFiles/cmTC_dfe0f.dir/CheckSymbolExists.c.o] Error 1
gmake[1]: Leaving directory '/home/laprieur/Documents/42/nibbler/build/CMakeFiles/CMakeTmp'
gmake: *** [Makefile:127: cmTC_dfe0f/fast] Error 2


File /home/laprieur/Documents/42/nibbler/build/CMakeFiles/CMakeTmp/CheckSymbolExists.c:
/* */
#include <stddef.h>
#include <stdarg.h>
#include <stdlib.h>
#include <string.h>
#include <stdio.h>
#include <wchar.h>
#include <float.h>

int main(int argc, char** argv)
{
  (void)argv;
#ifndef wcslcpy
  return ((int*)(&wcslcpy))[argc];
#else
  (void)argc;
  return 0;
#endif
}
Determining if the _wcsicmp exist failed with the following output:
Change Dir: /home/laprieur/Documents/42/nibbler/build/CMakeFiles/CMakeTmp

Run Build Command(s):/usr/bin/gmake -f Makefile cmTC_52575/fast && /usr/bin/gmake  -f CMakeFiles/cmTC_52575.dir/build.make CMakeFiles/cmTC_52575.dir/build
gmake[1]: Entering directory '/home/laprieur/Documents/42/nibbler/build/CMakeFiles/CMakeTmp'
Building C object CMakeFiles/cmTC_52575.dir/CheckSymbolExists.c.o
/usr/bin/cc   -idirafter "/home/laprieur/Documents/42/nibbler/build/_deps/sdl2-src/src/video/khronos"  -D_GNU_SOURCE=1 -o CMakeFiles/cmTC_52575.dir/CheckSymbolExists.c.o -c /home/laprieur/Documents/42/nibbler/build/CMakeFiles/CMakeTmp/CheckSymbolExists.c
/home/laprieur/Documents/42/nibbler/build/CMakeFiles/CMakeTmp/CheckSymbolExists.c: In function ‘main’:
/home/laprieur/Documents/42/nibbler/build/CMakeFiles/CMakeTmp/CheckSymbolExists.c:14:19: error: ‘_wcsicmp’ undeclared (first use in this function); did you mean ‘wcsncmp’?
   14 |   return ((int*)(&_wcsicmp))[argc];
      |                   ^~~~~~~~
      |                   wcsncmp
/home/laprieur/Documents/42/nibbler/build/CMakeFiles/CMakeTmp/CheckSymbolExists.c:14:19: note: each undeclared identifier is reported only once for each function it appears in
gmake[1]: *** [CMakeFiles/cmTC_52575.dir/build.make:78: CMakeFiles/cmTC_52575.dir/CheckSymbolExists.c.o] Error 1
gmake[1]: Leaving directory '/home/laprieur/Documents/42/nibbler/build/CMakeFiles/CMakeTmp'
gmake: *** [Makefile:127: cmTC_52575/fast] Error 2


File /home/laprieur/Documents/42/nibbler/build/CMakeFiles/CMakeTmp/CheckSymbolExists.c:
/* */
#include <stddef.h>
#include <stdarg.h>
#include <stdlib.h>
#include <string.h>
#include <stdio.h>
#include <wchar.h>
#include <float.h>

int main(int argc, char** argv)
{
  (void)argv;
#ifndef _wcsicmp
  return ((int*)(&_wcsicmp))[argc];
#else
  (void)argc;
  return 0;
#endif
}
Determining if the _wcsnicmp exist failed with the following output:
Change Dir: /home/laprieur/Documents/42/nibbler/build/CMakeFiles/CMakeTmp

Run Build Command(s):/usr/bin/gmake -f Makefile cmTC_51771/fast && /usr/bin/gmake  -f CMakeFiles/cmTC_51771.dir/build.make CMakeFiles/cmTC_51771.dir/build
gmake[1]: Entering directory '/home/laprieur/Documents/42/nibbler/build/CMakeFiles/CMakeTmp'
Building C object CMakeFiles/cmTC_51771.dir/CheckSymbolExists.c.o
/usr/bin/cc   -idirafter "/home/laprieur/Documents/42/nibbler/build/_deps/sdl2-src/src/video/khronos"  -D_GNU_SOURCE=1 -o CMakeFiles/cmTC_51771.dir/CheckSymbolExists.c.o -c /home/laprieur/Documents/42/nibbler/build/CMakeFiles/CMakeTmp/CheckSymbolExists.c
/home/laprieur/Documents/42/nibbler/build/CMakeFiles/CMakeTmp/CheckSymbolExists.c: In function ‘main’:
/home/laprieur/Documents/42/nibbler/build/CMakeFiles/CMakeTmp/CheckSymbolExists.c:14:19: error: ‘_wcsnicmp’ undeclared (first use in this function); did you mean ‘wcsncmp’?
   14 |   return ((int*)(&_wcsnicmp))[argc];
      |                   ^~~~~~~~~
      |                   wcsncmp
/home/laprieur/Documents/42/nibbler/build/CMakeFiles/CMakeTmp/CheckSymbolExists.c:14:19: note: each undeclared identifier is reported only once for each function it appears in
gmake[1]: *** [CMakeFiles/cmTC_51771.dir/build.make:78: CMakeFiles/cmTC_51771.dir/CheckSymbolExists.c.o] Error 1
gmake[1]: Leaving directory '/home/laprieur/Documents/42/nibbler/build/CMakeFiles/CMakeTmp'
gmake: *** [Makefile:127: cmTC_51771/fast] Error 2


File /home/laprieur/Documents/42/nibbler/build/CMakeFiles/CMakeTmp/CheckSymbolExists.c:
/* */
#include <stddef.h>
#include <stdarg.h>
#include <stdlib.h>
#include <string.h>
#include <stdio.h>
#include <wchar.h>
#include <float.h>

int main(int argc, char** argv)
{
  (void)argv;
#ifndef _wcsnicmp
  return ((int*)(&_wcsnicmp))[argc];
#else
  (void)argc;
  return 0;
#endif
}
Determining if the sysctlbyname exist failed with the following output:
Change Dir: /home/laprieur/Documents/42/nibbler/build/CMakeFiles/CMakeTmp

Run Build Command(s):/usr/bin/gmake -f Makefile cmTC_be27e/fast && /usr/bin/gmake  -f CMakeFiles/cmTC_be27e.dir/build.make CMakeFiles/cmTC_be27e.dir/build
gmake[1]: Entering directory '/home/laprieur/Documents/42/nibbler/build/CMakeFiles/CMakeTmp'
Building C object CMakeFiles/cmTC_be27e.dir/CheckSymbolExists.c.o
/usr/bin/cc   -idirafter "/home/laprieur/Documents/42/nibbler/build/_deps/sdl2-src/src/video/khronos"  -D_GNU_SOURCE=1 -o CMakeFiles/cmTC_be27e.dir/CheckSymbolExists.c.o -c /home/laprieur/Documents/42/nibbler/build/CMakeFiles/CMakeTmp/CheckSymbolExists.c
/home/laprieur/Documents/42/nibbler/build/CMakeFiles/CMakeTmp/CheckSymbolExists.c:3:10: fatal error: sys/sysctl.h: No such file or directory
    3 | #include <sys/sysctl.h>
      |          ^~~~~~~~~~~~~~
compilation terminated.
gmake[1]: *** [CMakeFiles/cmTC_be27e.dir/build.make:78: CMakeFiles/cmTC_be27e.dir/CheckSymbolExists.c.o] Error 1
gmake[1]: Leaving directory '/home/laprieur/Documents/42/nibbler/build/CMakeFiles/CMakeTmp'
gmake: *** [Makefile:127: cmTC_be27e/fast] Error 2


File /home/laprieur/Documents/42/nibbler/build/CMakeFiles/CMakeTmp/CheckSymbolExists.c:
/* */
#include <sys/types.h>
#include <sys/sysctl.h>

int main(int argc, char** argv)
{
  (void)argv;
#ifndef sysctlbyname
  return ((int*)(&sysctlbyname))[argc];
#else
  (void)argc;
  return 0;
#endif
}
Determining if the elf_aux_info exist failed with the following output:
Change Dir: /home/laprieur/Documents/42/nibbler/build/CMakeFiles/CMakeTmp

Run Build Command(s):/usr/bin/gmake -f Makefile cmTC_7a81e/fast && /usr/bin/gmake  -f CMakeFiles/cmTC_7a81e.dir/build.make CMakeFiles/cmTC_7a81e.dir/build
gmake[1]: Entering directory '/home/laprieur/Documents/42/nibbler/build/CMakeFiles/CMakeTmp'
Building C object CMakeFiles/cmTC_7a81e.dir/CheckSymbolExists.c.o
/usr/bin/cc   -idirafter "/home/laprieur/Documents/42/nibbler/build/_deps/sdl2-src/src/video/khronos"  -D_GNU_SOURCE=1 -o CMakeFiles/cmTC_7a81e.dir/CheckSymbolExists.c.o -c /home/laprieur/Documents/42/nibbler/build/CMakeFiles/CMakeTmp/CheckSymbolExists.c
/home/laprieur/Documents/42/nibbler/build/CMakeFiles/CMakeTmp/CheckSymbolExists.c: In function ‘main’:
/home/laprieur/Documents/42/nibbler/build/CMakeFiles/CMakeTmp/CheckSymbolExists.c:8:19: error: ‘elf_aux_info’ undeclared (first use in this function)
    8 |   return ((int*)(&elf_aux_info))[argc];
      |                   ^~~~~~~~~~~~
/home/laprieur/Documents/42/nibbler/build/CMakeFiles/CMakeTmp/CheckSymbolExists.c:8:19: note: each undeclared identifier is reported only once for each function it appears in
gmake[1]: *** [CMakeFiles/cmTC_7a81e.dir/build.make:78: CMakeFiles/cmTC_7a81e.dir/CheckSymbolExists.c.o] Error 1
gmake[1]: Leaving directory '/home/laprieur/Documents/42/nibbler/build/CMakeFiles/CMakeTmp'
gmake: *** [Makefile:127: cmTC_7a81e/fast] Error 2


File /home/laprieur/Documents/42/nibbler/build/CMakeFiles/CMakeTmp/CheckSymbolExists.c:
/* */
#include <sys/auxv.h>

int main(int argc, char** argv)
{
  (void)argv;
#ifndef elf_aux_info
  return ((int*)(&elf_aux_info))[argc];
#else
  (void)argc;
  return 0;
#endif
}
Performing C SOURCE FILE Test ICONV_IN_LIBICONV failed with the following output:
Change Dir: /home/laprieur/Documents/42/nibbler/build/CMakeFiles/CMakeTmp

Run Build Command(s):/usr/bin/gmake -f Makefile cmTC_ade19/fast && /usr/bin/gmake  -f CMakeFiles/cmTC_ade19.dir/build.make CMakeFiles/cmTC_ade19.dir/build
gmake[1]: Entering directory '/home/laprieur/Documents/42/nibbler/build/CMakeFiles/CMakeTmp'
Building C object CMakeFiles/cmTC_ade19.dir/src.c.o
/usr/bin/cc -DICONV_IN_LIBICONV  -idirafter "/home/laprieur/Documents/42/nibbler/build/_deps/sdl2-src/src/video/khronos"  -D_GNU_SOURCE=1 -o CMakeFiles/cmTC_ade19.dir/src.c.o -c /home/laprieur/Documents/42/nibbler/build/CMakeFiles/CMakeTmp/src.c
Linking C executable cmTC_ade19
/usr/bin/cmake -E cmake_link_script CMakeFiles/cmTC_ade19.dir/link.txt --verbose=1
/usr/bin/cc  -idirafter "/home/laprieur/Documents/42/nibbler/build/_deps/sdl2-src/src/video/khronos"  -D_GNU_SOURCE=1 -rdynamic CMakeFiles/cmTC_ade19.dir/src.c.o -o cmTC_ade19  -liconv 
/usr/bin/ld: cannot find -liconv: No such file or directory
collect2: error: ld returned 1 exit status
gmake[1]: *** [CMakeFiles/cmTC_ade19.dir/build.make:99: cmTC_ade19] Error 1
gmake[1]: Leaving directory '/home/laprieur/Documents/42/nibbler/build/CMakeFiles/CMakeTmp'
gmake: *** [Makefile:127: cmTC_ade19/fast] Error 2


Source file was:

        #include <stddef.h>
        #include <iconv.h>
        int main(int argc, char **argv) {
            return !iconv_open(NULL,NULL);
        }
Determining if the alloca exist failed with the following output:
Change Dir: /home/laprieur/Documents/42/nibbler/build/CMakeFiles/CMakeTmp

Run Build Command(s):/usr/bin/gmake -f Makefile cmTC_e3e9a/fast && /usr/bin/gmake  -f CMakeFiles/cmTC_e3e9a.dir/build.make CMakeFiles/cmTC_e3e9a.dir/build
gmake[1]: Entering directory '/home/laprieur/Documents/42/nibbler/build/CMakeFiles/CMakeTmp'
Building C object CMakeFiles/cmTC_e3e9a.dir/CheckSymbolExists.c.o
/usr/bin/cc   -idirafter "/home/laprieur/Documents/42/nibbler/build/_deps/sdl2-src/src/video/khronos"  -D_GNU_SOURCE=1 -o CMakeFiles/cmTC_e3e9a.dir/CheckSymbolExists.c.o -c /home/laprieur/Documents/42/nibbler/build/CMakeFiles/CMakeTmp/CheckSymbolExists.c
/home/laprieur/Documents/42/nibbler/build/CMakeFiles/CMakeTmp/CheckSymbolExists.c: In function ‘main’:
/home/laprieur/Documents/42/nibbler/build/CMakeFiles/CMakeTmp/CheckSymbolExists.c:8:19: error: ‘alloca’ undeclared (first use in this function); did you mean ‘valloc’?
    8 |   return ((int*)(&alloca))[argc];
      |                   ^~~~~~
      |                   valloc
/home/laprieur/Documents/42/nibbler/build/CMakeFiles/CMakeTmp/CheckSymbolExists.c:8:19: note: each undeclared identifier is reported only once for each function it appears in
gmake[1]: *** [CMakeFiles/cmTC_e3e9a.dir/build.make:78: CMakeFiles/cmTC_e3e9a.dir/CheckSymbolExists.c.o] Error 1
gmake[1]: Leaving directory '/home/laprieur/Documents/42/nibbler/build/CMakeFiles/CMakeTmp'
gmake: *** [Makefile:127: cmTC_e3e9a/fast] Error 2


File /home/laprieur/Documents/42/nibbler/build/CMakeFiles/CMakeTmp/CheckSymbolExists.c:
/* */
#include <malloc.h>

int main(int argc, char** argv)
{
  (void)argv;
#ifndef alloca
  return ((int*)(&alloca))[argc];
#else
  (void)argc;
  return 0;
#endif
}
Determining if the include file audio/audiolib.h exists failed with the following output:
Change Dir: /home/laprieur/Documents/42/nibbler/build/CMakeFiles/CMakeTmp

Run Build Command(s):/usr/bin/gmake -f Makefile cmTC_53c91/fast && /usr/bin/gmake  -f CMakeFiles/cmTC_53c91.dir/build.make CMakeFiles/cmTC_53c91.dir/build
gmake[1]: Entering directory '/home/laprieur/Documents/42/nibbler/build/CMakeFiles/CMakeTmp'
Building C object CMakeFiles/cmTC_53c91.dir/CheckIncludeFile.c.o
/usr/bin/cc   -idirafter "/home/laprieur/Documents/42/nibbler/build/_deps/sdl2-src/src/video/khronos"  -D_GNU_SOURCE=1 -std=gnu11 -o CMakeFiles/cmTC_53c91.dir/CheckIncludeFile.c.o -c /home/laprieur/Documents/42/nibbler/build/CMakeFiles/CMakeTmp/CheckIncludeFile.c
/home/laprieur/Documents/42/nibbler/build/CMakeFiles/CMakeTmp/CheckIncludeFile.c:1:10: fatal error: audio/audiolib.h: No such file or directory
    1 | #include <audio/audiolib.h>
      |          ^~~~~~~~~~~~~~~~~~
compilation terminated.
gmake[1]: *** [CMakeFiles/cmTC_53c91.dir/build.make:78: CMakeFiles/cmTC_53c91.dir/CheckIncludeFile.c.o] Error 1
gmake[1]: Leaving directory '/home/laprieur/Documents/42/nibbler/build/CMakeFiles/CMakeTmp'
gmake: *** [Makefile:127: cmTC_53c91/fast] Error 2



Performing C SOURCE FILE Test HAVE_RPI failed with the following output:
Change Dir: /home/laprieur/Documents/42/nibbler/build/CMakeFiles/CMakeTmp

Run Build Command(s):/usr/bin/gmake -f Makefile cmTC_abd1b/fast && /usr/bin/gmake  -f CMakeFiles/cmTC_abd1b.dir/build.make CMakeFiles/cmTC_abd1b.dir/build
gmake[1]: Entering directory '/home/laprieur/Documents/42/nibbler/build/CMakeFiles/CMakeTmp'
Building C object CMakeFiles/cmTC_abd1b.dir/src.c.o
/usr/bin/cc -DHAVE_RPI  -idirafter "/home/laprieur/Documents/42/nibbler/build/_deps/sdl2-src/src/video/khronos"  -D_GNU_SOURCE=1  -I/opt/vc/include -I/opt/vc/include/interface/vcos/pthreads -I/opt/vc/include/interface/vmcs_host/linux/  -L/opt/vc/lib -o CMakeFiles/cmTC_abd1b.dir/src.c.o -c /home/laprieur/Documents/42/nibbler/build/CMakeFiles/CMakeTmp/src.c
/home/laprieur/Documents/42/nibbler/build/CMakeFiles/CMakeTmp/src.c:2:18: fatal error: bcm_host.h: No such file or directory
    2 |         #include <bcm_host.h>
      |                  ^~~~~~~~~~~~
compilation terminated.
gmake[1]: *** [CMakeFiles/cmTC_abd1b.dir/build.make:78: CMakeFiles/cmTC_abd1b.dir/src.c.o] Error 1
gmake[1]: Leaving directory '/home/laprieur/Documents/42/nibbler/build/CMakeFiles/CMakeTmp'
gmake: *** [Makefile:127: cmTC_abd1b/fast] Error 2


Source file was:

        #include <bcm_host.h>
        #include <EGL/eglplatform.h>
        int main(int argc, char **argv) {
          EGL_DISPMANX_WINDOW_T window;
          bcm_host_init();
        }
Performing C SOURCE FILE Test HAVE_VIVANTE_VDK failed with the following output:
Change Dir: /home/laprieur/Documents/42/nibbler/build/CMakeFiles/CMakeTmp

Run Build Command(s):/usr/bin/gmake -f Makefile cmTC_2b9e4/fast && /usr/bin/gmake  -f CMakeFiles/cmTC_2b9e4.dir/build.make CMakeFiles/cmTC_2b9e4.dir/build
gmake[1]: Entering directory '/home/laprieur/Documents/42/nibbler/build/CMakeFiles/CMakeTmp'
Building C object CMakeFiles/cmTC_2b9e4.dir/src.c.o
/usr/bin/cc -DHAVE_VIVANTE_VDK  -idirafter "/home/laprieur/Documents/42/nibbler/build/_deps/sdl2-src/src/video/khronos"  -D_GNU_SOURCE=1 -o CMakeFiles/cmTC_2b9e4.dir/src.c.o -c /home/laprieur/Documents/42/nibbler/build/CMakeFiles/CMakeTmp/src.c
/home/laprieur/Documents/42/nibbler/build/CMakeFiles/CMakeTmp/src.c:2:18: fatal error: gc_vdk.h: No such file or directory
    2 |         #include <gc_vdk.h>
      |                  ^~~~~~~~~~
compilation terminated.
gmake[1]: *** [CMakeFiles/cmTC_2b9e4.dir/build.make:78: CMakeFiles/cmTC_2b9e4.dir/src.c.o] Error 1
gmake[1]: Leaving directory '/home/laprieur/Documents/42/nibbler/build/CMakeFiles/CMakeTmp'
gmake: *** [Makefile:127: cmTC_2b9e4/fast] Error 2


Source file was:

        #include <gc_vdk.h>
        int main(int argc, char** argv) { return 0; }
Performing C SOURCE FILE Test HAVE_VIVANTE_EGL_FB failed with the following output:
Change Dir: /home/laprieur/Documents/42/nibbler/build/CMakeFiles/CMakeTmp

Run Build Command(s):/usr/bin/gmake -f Makefile cmTC_29ec2/fast && /usr/bin/gmake  -f CMakeFiles/cmTC_29ec2.dir/build.make CMakeFiles/cmTC_29ec2.dir/build
gmake[1]: Entering directory '/home/laprieur/Documents/42/nibbler/build/CMakeFiles/CMakeTmp'
Building C object CMakeFiles/cmTC_29ec2.dir/src.c.o
/usr/bin/cc -DHAVE_VIVANTE_EGL_FB  -idirafter "/home/laprieur/Documents/42/nibbler/build/_deps/sdl2-src/src/video/khronos"  -D_GNU_SOURCE=1 -o CMakeFiles/cmTC_29ec2.dir/src.c.o -c /home/laprieur/Documents/42/nibbler/build/CMakeFiles/CMakeTmp/src.c
/home/laprieur/Documents/42/nibbler/build/CMakeFiles/CMakeTmp/src.c:4:18: fatal error: EGL/eglvivante.h: No such file or directory
    4 |         #include <EGL/eglvivante.h>
      |                  ^~~~~~~~~~~~~~~~~~
compilation terminated.
gmake[1]: *** [CMakeFiles/cmTC_29ec2.dir/build.make:78: CMakeFiles/cmTC_29ec2.dir/src.c.o] Error 1
gmake[1]: Leaving directory '/home/laprieur/Documents/42/nibbler/build/CMakeFiles/CMakeTmp'
gmake: *** [Makefile:127: cmTC_29ec2/fast] Error 2


Source file was:

        #define LINUX
        #define EGL_API_FB
        #include <EGL/eglvivante.h>
        int main(int argc, char** argv) { return 0; }
Determining if the include file libudev.h exists failed with the following output:
Change Dir: /home/laprieur/Documents/42/nibbler/build/CMakeFiles/CMakeTmp

Run Build Command(s):/usr/bin/gmake -f Makefile cmTC_c5d11/fast && /usr/bin/gmake  -f CMakeFiles/cmTC_c5d11.dir/build.make CMakeFiles/cmTC_c5d11.dir/build
gmake[1]: Entering directory '/home/laprieur/Documents/42/nibbler/build/CMakeFiles/CMakeTmp'
Building C object CMakeFiles/cmTC_c5d11.dir/CheckIncludeFile.c.o
/usr/bin/cc   -idirafter "/home/laprieur/Documents/42/nibbler/build/_deps/sdl2-src/src/video/khronos"  -D_GNU_SOURCE=1 -std=gnu11 -o CMakeFiles/cmTC_c5d11.dir/CheckIncludeFile.c.o -c /home/laprieur/Documents/42/nibbler/build/CMakeFiles/CMakeTmp/CheckIncludeFile.c
/home/laprieur/Documents/42/nibbler/build/CMakeFiles/CMakeTmp/CheckIncludeFile.c:1:10: fatal error: libudev.h: No such file or directory
    1 | #include <libudev.h>
      |          ^~~~~~~~~~~
compilation terminated.
gmake[1]: *** [CMakeFiles/cmTC_c5d11.dir/build.make:78: CMakeFiles/cmTC_c5d11.dir/CheckIncludeFile.c.o] Error 1
gmake[1]: Leaving directory '/home/laprieur/Documents/42/nibbler/build/CMakeFiles/CMakeTmp'
gmake: *** [Makefile:127: cmTC_c5d11/fast] Error 2



Performing C SOURCE FILE Test LIBC_HAS_WORKING_LIBUNWIND failed with the following output:
Change Dir: /home/laprieur/Documents/42/nibbler/build/CMakeFiles/CMakeTmp

Run Build Command(s):/usr/bin/gmake -f Makefile cmTC_bc46a/fast && /usr/bin/gmake  -f CMakeFiles/cmTC_bc46a.dir/build.make CMakeFiles/cmTC_bc46a.dir/build
gmake[1]: Entering directory '/home/laprieur/Documents/42/nibbler/build/CMakeFiles/CMakeTmp'
Building C object CMakeFiles/cmTC_bc46a.dir/src.c.o
/usr/bin/cc -DLIBC_HAS_WORKING_LIBUNWIND  -idirafter "/home/laprieur/Documents/42/nibbler/build/_deps/sdl2-src/src/video/khronos"  -D_GNU_SOURCE=1 -o CMakeFiles/cmTC_bc46a.dir/src.c.o -c /home/laprieur/Documents/42/nibbler/build/CMakeFiles/CMakeTmp/src.c
/home/laprieur/Documents/42/nibbler/build/CMakeFiles/CMakeTmp/src.c:1:10: fatal error: libunwind.h: No such file or directory
    1 | #include <libunwind.h>
      |          ^~~~~~~~~~~~~
compilation terminated.
gmake[1]: *** [CMakeFiles/cmTC_bc46a.dir/build.make:78: CMakeFiles/cmTC_bc46a.dir/src.c.o] Error 1
gmake[1]: Leaving directory '/home/laprieur/Documents/42/nibbler/build/CMakeFiles/CMakeTmp'
gmake: *** [Makefile:127: cmTC_bc46a/fast] Error 2


Source file was:
#include <libunwind.h>
int main() {unw_context_t context; unw_getcontext(&context); return 0;}
Performing C SOURCE FILE Test LIBUNWIND_HAS_WORKINGLIBUNWIND failed with the following output:
Change Dir: /home/laprieur/Documents/42/nibbler/build/CMakeFiles/CMakeTmp

Run Build Command(s):/usr/bin/gmake -f Makefile cmTC_e1170/fast && /usr/bin/gmake  -f CMakeFiles/cmTC_e1170.dir/build.make CMakeFiles/cmTC_e1170.dir/build
gmake[1]: Entering directory '/home/laprieur/Documents/42/nibbler/build/CMakeFiles/CMakeTmp'
Building C object CMakeFiles/cmTC_e1170.dir/src.c.o
/usr/bin/cc -DLIBUNWIND_HAS_WORKINGLIBUNWIND  -idirafter "/home/laprieur/Documents/42/nibbler/build/_deps/sdl2-src/src/video/khronos"  -D_GNU_SOURCE=1 -o CMakeFiles/cmTC_e1170.dir/src.c.o -c /home/laprieur/Documents/42/nibbler/build/CMakeFiles/CMakeTmp/src.c
/home/laprieur/Documents/42/nibbler/build/CMakeFiles/CMakeTmp/src.c:1:10: fatal error: libunwind.h: No such file or directory
    1 | #include <libunwind.h>
      |          ^~~~~~~~~~~~~
compilation terminated.
gmake[1]: *** [CMakeFiles/cmTC_e1170.dir/build.make:78: CMakeFiles/cmTC_e1170.dir/src.c.o] Error 1
gmake[1]: Leaving directory '/home/laprieur/Documents/42/nibbler/build/CMakeFiles/CMakeTmp'
gmake: *** [Makefile:127: cmTC_e1170/fast] Error 2


Source file was:
#include <libunwind.h>
int main() {unw_context_t context; unw_getcontext(&context); return 0;}
Determining if files pthread_np.h exist failed with the following output:
Change Dir: /home/laprieur/Documents/42/nibbler/build/CMakeFiles/CMakeTmp

Run Build Command(s):/usr/bin/gmake -f Makefile cmTC_e9a0d/fast && /usr/bin/gmake  -f CMakeFiles/cmTC_e9a0d.dir/build.make CMakeFiles/cmTC_e9a0d.dir/build
gmake[1]: Entering directory '/home/laprieur/Documents/42/nibbler/build/CMakeFiles/CMakeTmp'
Building C object CMakeFiles/cmTC_e9a0d.dir/HAVE_PTHREAD_NP_H.c.o
/usr/bin/cc   -idirafter "/home/laprieur/Documents/42/nibbler/build/_deps/sdl2-src/src/video/khronos"  -D_GNU_SOURCE=1 -D_REENTRANT -pthread -o CMakeFiles/cmTC_e9a0d.dir/HAVE_PTHREAD_NP_H.c.o -c /home/laprieur/Documents/42/nibbler/build/CMakeFiles/CheckIncludeFiles/HAVE_PTHREAD_NP_H.c
/home/laprieur/Documents/42/nibbler/build/CMakeFiles/CheckIncludeFiles/HAVE_PTHREAD_NP_H.c:2:10: fatal error: pthread_np.h: No such file or directory
    2 | #include <pthread_np.h>
      |          ^~~~~~~~~~~~~~
compilation terminated.
gmake[1]: *** [CMakeFiles/cmTC_e9a0d.dir/build.make:78: CMakeFiles/cmTC_e9a0d.dir/HAVE_PTHREAD_NP_H.c.o] Error 1
gmake[1]: Leaving directory '/home/laprieur/Documents/42/nibbler/build/CMakeFiles/CMakeTmp'
gmake: *** [Makefile:127: cmTC_e9a0d/fast] Error 2


Source:
/* */
#include <pthread_np.h>


int main(void){return 0;}

Determining if the include file samplerate.h exists failed with the following output:
Change Dir: /home/laprieur/Documents/42/nibbler/build/CMakeFiles/CMakeTmp

Run Build Command(s):/usr/bin/gmake -f Makefile cmTC_478c4/fast && /usr/bin/gmake  -f CMakeFiles/cmTC_478c4.dir/build.make CMakeFiles/cmTC_478c4.dir/build
gmake[1]: Entering directory '/home/laprieur/Documents/42/nibbler/build/CMakeFiles/CMakeTmp'
Building C object CMakeFiles/cmTC_478c4.dir/CheckIncludeFile.c.o
/usr/bin/cc   -idirafter "/home/laprieur/Documents/42/nibbler/build/_deps/sdl2-src/src/video/khronos" -DHAVE_LINUX_VERSION_H  -D_GNU_SOURCE=1 -std=gnu11 -o CMakeFiles/cmTC_478c4.dir/CheckIncludeFile.c.o -c /home/laprieur/Documents/42/nibbler/build/CMakeFiles/CMakeTmp/CheckIncludeFile.c
/home/laprieur/Documents/42/nibbler/build/CMakeFiles/CMakeTmp/CheckIncludeFile.c:1:10: fatal error: samplerate.h: No such file or directory
    1 | #include <samplerate.h>
      |          ^~~~~~~~~~~~~~
compilation terminated.
gmake[1]: *** [CMakeFiles/cmTC_478c4.dir/build.make:78: CMakeFiles/cmTC_478c4.dir/CheckIncludeFile.c.o] Error 1
gmake[1]: Leaving directory '/home/laprieur/Documents/42/nibbler/build/CMakeFiles/CMakeTmp'
gmake: *** [Makefile:127: cmTC_478c4/fast] Error 2



